2021-06-27 12:26:35.324  INFO 20116 --- [main] c.g.crossing.backend.BackendApplication  : Starting BackendApplication using Java 1.8.0_211 on DESKTOP-IGBVUVP with PID 20116 (D:\repo_gnome_crossing\online-game-webapp\backend\target\classes started by Dave in D:\repo_gnome_crossing\online-game-webapp\backend)
2021-06-27 12:26:35.324  INFO 20116 --- [main] c.g.crossing.backend.BackendApplication  : No active profile set, falling back to default profiles: default
2021-06-27 12:26:36.871  INFO 20116 --- [main] .s.d.r.c.RepositoryConfigurationDelegate : Bootstrapping Spring Data JPA repositories in DEFAULT mode.
2021-06-27 12:26:36.965  INFO 20116 --- [main] .s.d.r.c.RepositoryConfigurationDelegate : Finished Spring Data repository scanning in 73 ms. Found 2 JPA repository interfaces.
2021-06-27 12:26:38.099  INFO 20116 --- [main] o.s.b.w.embedded.tomcat.TomcatWebServer  : Tomcat initialized with port(s): 8080 (http)
2021-06-27 12:26:38.114  INFO 20116 --- [main] o.apache.catalina.core.StandardService   : Starting service [Tomcat]
2021-06-27 12:26:38.114  INFO 20116 --- [main] org.apache.catalina.core.StandardEngine  : Starting Servlet engine: [Apache Tomcat/9.0.48]
2021-06-27 12:26:38.349  INFO 20116 --- [main] o.a.c.c.C.[Tomcat].[localhost].[/]       : Initializing Spring embedded WebApplicationContext
2021-06-27 12:26:38.349  INFO 20116 --- [main] w.s.c.ServletWebServerApplicationContext : Root WebApplicationContext: initialization completed in 2946 ms
2021-06-27 12:26:38.505  INFO 20116 --- [main] com.zaxxer.hikari.HikariDataSource       : HikariPool-1 - Starting...
2021-06-27 12:26:38.771  INFO 20116 --- [main] com.zaxxer.hikari.HikariDataSource       : HikariPool-1 - Start completed.
2021-06-27 12:26:38.786  INFO 20116 --- [main] o.s.b.a.h2.H2ConsoleAutoConfiguration    : H2 console available at '/h2'. Database available at 'jdbc:h2:mem:memDb'
2021-06-27 12:26:39.036  INFO 20116 --- [main] o.hibernate.jpa.internal.util.LogHelper  : HHH000204: Processing PersistenceUnitInfo [name: default]
2021-06-27 12:26:39.114  INFO 20116 --- [main] org.hibernate.Version                    : HHH000412: Hibernate ORM core version 5.4.32.Final
2021-06-27 12:26:39.333  INFO 20116 --- [main] o.hibernate.annotations.common.Version   : HCANN000001: Hibernate Commons Annotations {5.1.2.Final}
2021-06-27 12:26:39.489  INFO 20116 --- [main] org.hibernate.dialect.Dialect            : HHH000400: Using dialect: org.hibernate.dialect.H2Dialect
2021-06-27 12:26:40.711  INFO 20116 --- [main] o.h.e.t.j.p.i.JtaPlatformInitiator       : HHH000490: Using JtaPlatform implementation: [org.hibernate.engine.transaction.jta.platform.internal.NoJtaPlatform]
2021-06-27 12:26:40.722  INFO 20116 --- [main] j.LocalContainerEntityManagerFactoryBean : Initialized JPA EntityManagerFactory for persistence unit 'default'
2021-06-27 12:26:41.447  WARN 20116 --- [main] JpaBaseConfiguration$JpaWebConfiguration : spring.jpa.open-in-view is enabled by default. Therefore, database queries may be performed during view rendering. Explicitly configure spring.jpa.open-in-view to disable this warning
2021-06-27 12:26:42.033  INFO 20116 --- [main] o.s.b.a.e.web.EndpointLinksResolver      : Exposing 14 endpoint(s) beneath base path '/actuator'
2021-06-27 12:26:42.096  INFO 20116 --- [main] o.s.b.w.embedded.tomcat.TomcatWebServer  : Tomcat started on port(s): 8080 (http) with context path ''
2021-06-27 12:26:42.111  INFO 20116 --- [main] c.g.crossing.backend.BackendApplication  : Started BackendApplication in 7.573 seconds (JVM running for 8.596)
2021-06-27 12:26:42.158  INFO 20116 --- [main] c.gnome.crossing.backend.db.dao.GameDao  : saving game with start date: 18th July 2021.
2021-06-27 12:26:42.346  INFO 20116 --- [main] c.gnome.crossing.backend.db.dao.GameDao  : saving game with start date: 1th April 2021.
2021-06-27 12:26:42.361  INFO 20116 --- [main] c.gnome.crossing.backend.db.dao.GameDao  : saving game with start date: 8th May 2021.
2021-06-27 12:26:42.393  INFO 20116 --- [main] c.g.crossing.backend.BackendApplication  : success: saved default games.
2021-06-27 12:26:49.553  INFO 20116 --- [http-nio-8080-exec-1] o.a.c.c.C.[Tomcat].[localhost].[/]       : Initializing Spring DispatcherServlet 'dispatcherServlet'
2021-06-27 12:26:49.553  INFO 20116 --- [http-nio-8080-exec-1] o.s.web.servlet.DispatcherServlet        : Initializing Servlet 'dispatcherServlet'
2021-06-27 12:26:49.555  INFO 20116 --- [http-nio-8080-exec-1] o.s.web.servlet.DispatcherServlet        : Completed initialization in 2 ms
2021-06-27 12:26:49.632  INFO 20116 --- [http-nio-8080-exec-1] c.gnome.crossing.backend.db.dao.GameDao  : fetching customers.
2021-06-27 12:26:53.519  INFO 20116 --- [http-nio-8080-exec-2] c.gnome.crossing.backend.db.dao.GameDao  : fetching customers.
2021-06-27 12:35:25.191  INFO 20116 --- [http-nio-8080-exec-4] c.gnome.crossing.backend.db.dao.GameDao  : fetching customers.
2021-06-27 12:35:47.560  INFO 20116 --- [http-nio-8080-exec-5] c.gnome.crossing.backend.db.dao.GameDao  : fetching customers.
